<?xml version="1.0" encoding="utf-8"?><testsuites><testsuite name="pytest" errors="0" failures="0" skipped="0" tests="7" time="4.847" timestamp="2023-03-01T18:05:46.369740" hostname="cd6e61a5e5bb"><testcase classname="grid.test__field.TestField" name="test__adjust_dict[spec0-field0]" time="0.003" /><testcase classname="grid.test__field.TestField" name="test__adjust_dict[spec1-field1]" time="0.003" /><testcase classname="grid.test__field.TestField" name="test__adjust_dict[spec2-field2]" time="0.003" /><testcase classname="grid.test__field.TestField" name="test__adjust_dict__missing_required_attribute" time="0.002" /><testcase classname="grid.test__grid.TestGrid" name="test__exist" time="0.693" /><testcase classname="grid.test__grid.TestGrid" name="test__invalid_yaml" time="0.014" /><testcase classname="grid.test__grid.TestGrid" name="test__get_markdown_schema_table" time="0.072" /></testsuite></testsuites>